{"name": "# Enter the main page as a new user and verify Подтверждение доступа is here", "status": "broken", "statusDetails": {"message": "selenium.common.exceptions.TimeoutException: Message: \n\n", "trace": "  File \"c:\\everything\\it\\testing\\automation_08_09_2019\\kit_rodionov\\venv\\lib\\site-packages\\behave\\model.py\", line 1329, in run\n    match.run(runner.context)\n  File \"c:\\everything\\it\\testing\\automation_08_09_2019\\kit_rodionov\\venv\\lib\\site-packages\\behave\\matchers.py\", line 98, in run\n    self.func(context, *args, **kwargs)\n  File \"features\\steps\\004_register_and_enter.py\", line 8, in rgstr_as_nw_usr\n    context.app.main_page.rgstr_as_nw_usr()\n  File \"C:\\Everything\\IT\\Testing\\Automation_08_09_2019\\Kit_rodionov\\pages\\main_page.py\", line 106, in rgstr_as_nw_usr\n    actual_txt = wait.until(EC.presence_of_element_located((TXT_HERE))).text\n  File \"c:\\everything\\it\\testing\\automation_08_09_2019\\kit_rodionov\\venv\\lib\\site-packages\\selenium\\webdriver\\support\\wait.py\", line 80, in until\n    raise TimeoutException(message, screen, stacktrace)\n"}, "steps": [{"name": "Given Loginpage", "status": "passed", "start": 1608693349979, "stop": 1608693352575}, {"name": "Then Click on Ekaterinburg/Moscow", "status": "passed", "start": 1608693352576, "stop": 1608693356051}, {"name": "And Register as a new user", "status": "broken", "statusDetails": {"message": "selenium.common.exceptions.TimeoutException: Message: \n\n", "trace": "  File \"c:\\everything\\it\\testing\\automation_08_09_2019\\kit_rodionov\\venv\\lib\\site-packages\\behave\\model.py\", line 1329, in run\n    match.run(runner.context)\n  File \"c:\\everything\\it\\testing\\automation_08_09_2019\\kit_rodionov\\venv\\lib\\site-packages\\behave\\matchers.py\", line 98, in run\n    self.func(context, *args, **kwargs)\n  File \"features\\steps\\004_register_and_enter.py\", line 8, in rgstr_as_nw_usr\n    context.app.main_page.rgstr_as_nw_usr()\n  File \"C:\\Everything\\IT\\Testing\\Automation_08_09_2019\\Kit_rodionov\\pages\\main_page.py\", line 106, in rgstr_as_nw_usr\n    actual_txt = wait.until(EC.presence_of_element_located((TXT_HERE))).text\n  File \"c:\\everything\\it\\testing\\automation_08_09_2019\\kit_rodionov\\venv\\lib\\site-packages\\selenium\\webdriver\\support\\wait.py\", line 80, in until\n    raise TimeoutException(message, screen, stacktrace)\n"}, "start": 1608693356051, "stop": 1608693371718}, {"name": "Then Verify text: \"Подтверждение доступа\" is here", "status": "skipped", "start": 1608693374430, "stop": 1608693374430}], "start": 1608693344665, "stop": 1608693374430, "uuid": "c2a27a2b-baee-4784-8701-d26af2e6b9df", "historyId": "6763c87e95498097c4ce3c0a1d92382c", "fullName": "features/tests/004_register_and_enter.feature:# Enter the main page as a new user and verify Подтверждение доступа is here", "labels": [{"name": "severity", "value": "normal"}, {"name": "feature", "value": "# Enter the main page as a new user and verify Подтверждение доступа is here"}, {"name": "framework", "value": "behave"}, {"name": "language", "value": "cpython3"}]}