{"name": "# Enter the main page, click on Ekaterinburg/Yes and verify \"https://ekaterinburg.gtdel.com/\" is here", "status": "broken", "statusDetails": {"message": "selenium.common.exceptions.TimeoutException: Message: \n\n", "trace": "  File \"c:\\everything\\it\\testing\\automation_08_09_2019\\kit_rodionov\\venv\\lib\\site-packages\\behave\\model.py\", line 1329, in run\n    match.run(runner.context)\n  File \"c:\\everything\\it\\testing\\automation_08_09_2019\\kit_rodionov\\venv\\lib\\site-packages\\behave\\matchers.py\", line 98, in run\n    self.func(context, *args, **kwargs)\n  File \"features\\steps\\002_ekat_is _here.py\", line 8, in clck_ekat_is_hr\n    context.app.main_page.clck_ekat_is_hr()\n  File \"C:\\Everything\\IT\\Testing\\Automation_08_09_2019\\Kit_rodionov\\pages\\main_page.py\", line 64, in clck_ekat_is_hr\n    wait.until(EC.element_to_be_clickable(EKAT_YES)).click()\n  File \"c:\\everything\\it\\testing\\automation_08_09_2019\\kit_rodionov\\venv\\lib\\site-packages\\selenium\\webdriver\\support\\wait.py\", line 80, in until\n    raise TimeoutException(message, screen, stacktrace)\n"}, "steps": [{"name": "Given Loginpage", "status": "passed", "start": 1609987360850, "stop": 1609987370379}, {"name": "Then Click on Ekaterinburg/Yes", "status": "broken", "statusDetails": {"message": "selenium.common.exceptions.TimeoutException: Message: \n\n", "trace": "  File \"c:\\everything\\it\\testing\\automation_08_09_2019\\kit_rodionov\\venv\\lib\\site-packages\\behave\\model.py\", line 1329, in run\n    match.run(runner.context)\n  File \"c:\\everything\\it\\testing\\automation_08_09_2019\\kit_rodionov\\venv\\lib\\site-packages\\behave\\matchers.py\", line 98, in run\n    self.func(context, *args, **kwargs)\n  File \"features\\steps\\002_ekat_is _here.py\", line 8, in clck_ekat_is_hr\n    context.app.main_page.clck_ekat_is_hr()\n  File \"C:\\Everything\\IT\\Testing\\Automation_08_09_2019\\Kit_rodionov\\pages\\main_page.py\", line 64, in clck_ekat_is_hr\n    wait.until(EC.element_to_be_clickable(EKAT_YES)).click()\n  File \"c:\\everything\\it\\testing\\automation_08_09_2019\\kit_rodionov\\venv\\lib\\site-packages\\selenium\\webdriver\\support\\wait.py\", line 80, in until\n    raise TimeoutException(message, screen, stacktrace)\n"}, "start": 1609987370379, "stop": 1609987380550}, {"name": "And Verify \"https://ekaterinburg.gtdel.com/\" is here", "status": "skipped", "start": 1609987383175, "stop": 1609987383175}], "start": 1609987355608, "stop": 1609987383176, "uuid": "db939537-f065-4d10-a7c9-eac893369278", "historyId": "a917ad10291ff977d0ad404a1f69faa1", "fullName": "features/tests/002_ekat_is _here.feature:# Enter the main page, click on Ekaterinburg/Yes and verify \"https://ekaterinburg.gtdel.com/\" is here", "labels": [{"name": "severity", "value": "normal"}, {"name": "feature", "value": "# Enter the main page, click on Ekaterinburg/Yes and verify \"https://ekaterinburg.gtdel.com/\" is here"}, {"name": "framework", "value": "behave"}, {"name": "language", "value": "cpython3"}]}