{"name": "# Enter the main page as a new user and verify Подтверждение доступа is here", "status": "broken", "statusDetails": {"message": "selenium.common.exceptions.TimeoutException: Message: \n\n", "trace": "  File \"c:\\everything\\it\\testing\\automation_08_09_2019\\kit_rodionov\\venv\\lib\\site-packages\\behave\\model.py\", line 1329, in run\n    match.run(runner.context)\n  File \"c:\\everything\\it\\testing\\automation_08_09_2019\\kit_rodionov\\venv\\lib\\site-packages\\behave\\matchers.py\", line 98, in run\n    self.func(context, *args, **kwargs)\n  File \"features\\steps\\003_mosc_is _here.py\", line 8, in clck_mosc_is_hr\n    context.app.main_page.clck_mosc_is_hr()\n  File \"C:\\Everything\\IT\\Testing\\Automation_08_09_2019\\Kit_rodionov\\pages\\main_page.py\", line 80, in clck_mosc_is_hr\n    wait.until(EC.element_to_be_clickable(MOSC)).click()\n  File \"c:\\everything\\it\\testing\\automation_08_09_2019\\kit_rodionov\\venv\\lib\\site-packages\\selenium\\webdriver\\support\\wait.py\", line 80, in until\n    raise TimeoutException(message, screen, stacktrace)\n"}, "steps": [{"name": "Given Loginpage", "status": "passed", "start": 1609987407571, "stop": 1609987417034}, {"name": "Then Click on Ekaterinburg/Moscow", "status": "broken", "statusDetails": {"message": "selenium.common.exceptions.TimeoutException: Message: \n\n", "trace": "  File \"c:\\everything\\it\\testing\\automation_08_09_2019\\kit_rodionov\\venv\\lib\\site-packages\\behave\\model.py\", line 1329, in run\n    match.run(runner.context)\n  File \"c:\\everything\\it\\testing\\automation_08_09_2019\\kit_rodionov\\venv\\lib\\site-packages\\behave\\matchers.py\", line 98, in run\n    self.func(context, *args, **kwargs)\n  File \"features\\steps\\003_mosc_is _here.py\", line 8, in clck_mosc_is_hr\n    context.app.main_page.clck_mosc_is_hr()\n  File \"C:\\Everything\\IT\\Testing\\Automation_08_09_2019\\Kit_rodionov\\pages\\main_page.py\", line 80, in clck_mosc_is_hr\n    wait.until(EC.element_to_be_clickable(MOSC)).click()\n  File \"c:\\everything\\it\\testing\\automation_08_09_2019\\kit_rodionov\\venv\\lib\\site-packages\\selenium\\webdriver\\support\\wait.py\", line 80, in until\n    raise TimeoutException(message, screen, stacktrace)\n"}, "start": 1609987417034, "stop": 1609987427216}, {"name": "And Register as a new user", "status": "skipped", "start": 1609987429773, "stop": 1609987429773}, {"name": "Then Verify text: \"Подтверждение доступа\" is here", "status": "skipped", "start": 1609987429773, "stop": 1609987429773}], "start": 1609987402297, "stop": 1609987429773, "uuid": "1df746bd-54f3-49a6-b32d-c20f9b1a1b40", "historyId": "6763c87e95498097c4ce3c0a1d92382c", "fullName": "features/tests/004_register_and_enter.feature:# Enter the main page as a new user and verify Подтверждение доступа is here", "labels": [{"name": "severity", "value": "normal"}, {"name": "feature", "value": "# Enter the main page as a new user and verify Подтверждение доступа is here"}, {"name": "framework", "value": "behave"}, {"name": "language", "value": "cpython3"}]}