{"name": "# Fill the form of \"Quick order\"", "status": "broken", "statusDetails": {"message": "selenium.common.exceptions.ElementClickInterceptedException: Message: element click intercepted: Element <label class=\"control-label\" for=\"pickupType-term_popup\">...</label> is not clickable at point (547, 196). Other element would receive the click: <div class=\"calc__wrap set--loader form__order--bind popup\">...</div>\n  (Session info: chrome=88.0.4324.190)\n\n", "trace": "  File \"c:\\everything\\it\\testing\\automation_08_09_2019\\kit_rodionov\\venv\\lib\\site-packages\\behave\\model.py\", line 1329, in run\n    match.run(runner.context)\n  File \"c:\\everything\\it\\testing\\automation_08_09_2019\\kit_rodionov\\venv\\lib\\site-packages\\behave\\matchers.py\", line 98, in run\n    self.func(context, *args, **kwargs)\n  File \"features\\steps\\005_quick_order.py\", line 16, in click_on_from_terminal\n    context.app.main_page.click_on_from_terminal()\n  File \"C:\\Everything\\IT\\Testing\\Automation_08_09_2019\\Kit_rodionov\\pages\\main_page.py\", line 163, in click_on_from_terminal\n    wait.until(EC.element_to_be_clickable(FROM_TERMINAL)).click()\n  File \"c:\\everything\\it\\testing\\automation_08_09_2019\\kit_rodionov\\venv\\lib\\site-packages\\selenium\\webdriver\\remote\\webelement.py\", line 80, in click\n    self._execute(Command.CLICK_ELEMENT)\n  File \"c:\\everything\\it\\testing\\automation_08_09_2019\\kit_rodionov\\venv\\lib\\site-packages\\selenium\\webdriver\\remote\\webelement.py\", line 633, in _execute\n    return self._parent.execute(command, params)\n  File \"c:\\everything\\it\\testing\\automation_08_09_2019\\kit_rodionov\\venv\\lib\\site-packages\\selenium\\webdriver\\remote\\webdriver.py\", line 321, in execute\n    self.error_handler.check_response(response)\n  File \"c:\\everything\\it\\testing\\automation_08_09_2019\\kit_rodionov\\venv\\lib\\site-packages\\selenium\\webdriver\\remote\\errorhandler.py\", line 242, in check_response\n    raise exception_class(message, screen, stacktrace)\n"}, "steps": [{"name": "Given Loginpage", "status": "passed", "start": 1614991123699, "stop": 1614991128635}, {"name": "Then Click on \"ЗАКАЗАТЬ\"", "status": "passed", "start": 1614991128635, "stop": 1614991131325}, {"name": "And Click on \"от терминала\"", "status": "broken", "statusDetails": {"message": "selenium.common.exceptions.ElementClickInterceptedException: Message: element click intercepted: Element <label class=\"control-label\" for=\"pickupType-term_popup\">...</label> is not clickable at point (547, 196). Other element would receive the click: <div class=\"calc__wrap set--loader form__order--bind popup\">...</div>\n  (Session info: chrome=88.0.4324.190)\n\n", "trace": "  File \"c:\\everything\\it\\testing\\automation_08_09_2019\\kit_rodionov\\venv\\lib\\site-packages\\behave\\model.py\", line 1329, in run\n    match.run(runner.context)\n  File \"c:\\everything\\it\\testing\\automation_08_09_2019\\kit_rodionov\\venv\\lib\\site-packages\\behave\\matchers.py\", line 98, in run\n    self.func(context, *args, **kwargs)\n  File \"features\\steps\\005_quick_order.py\", line 16, in click_on_from_terminal\n    context.app.main_page.click_on_from_terminal()\n  File \"C:\\Everything\\IT\\Testing\\Automation_08_09_2019\\Kit_rodionov\\pages\\main_page.py\", line 163, in click_on_from_terminal\n    wait.until(EC.element_to_be_clickable(FROM_TERMINAL)).click()\n  File \"c:\\everything\\it\\testing\\automation_08_09_2019\\kit_rodionov\\venv\\lib\\site-packages\\selenium\\webdriver\\remote\\webelement.py\", line 80, in click\n    self._execute(Command.CLICK_ELEMENT)\n  File \"c:\\everything\\it\\testing\\automation_08_09_2019\\kit_rodionov\\venv\\lib\\site-packages\\selenium\\webdriver\\remote\\webelement.py\", line 633, in _execute\n    return self._parent.execute(command, params)\n  File \"c:\\everything\\it\\testing\\automation_08_09_2019\\kit_rodionov\\venv\\lib\\site-packages\\selenium\\webdriver\\remote\\webdriver.py\", line 321, in execute\n    self.error_handler.check_response(response)\n  File \"c:\\everything\\it\\testing\\automation_08_09_2019\\kit_rodionov\\venv\\lib\\site-packages\\selenium\\webdriver\\remote\\errorhandler.py\", line 242, in check_response\n    raise exception_class(message, screen, stacktrace)\n"}, "start": 1614991131325, "stop": 1614991133024}, {"name": "Then Click on \"до терминала\"", "status": "skipped", "start": 1614991135487, "stop": 1614991135487}, {"name": "And Send \"999\" to \"кг\"", "status": "skipped", "start": 1614991135487, "stop": 1614991135487}, {"name": "Then Send \"3.500\" to \"м3\"", "status": "skipped", "start": 1614991135487, "stop": 1614991135487}, {"name": "And Send \"3\" to \"мест\"", "status": "skipped", "start": 1614991135487, "stop": 1614991135487}, {"name": "Then Send \"30000\" to \"₽\"", "status": "skipped", "start": 1614991135487, "stop": 1614991135487}, {"name": "And Click on \"рассчитать\"", "status": "skipped", "start": 1614991135487, "stop": 1614991135487}, {"name": "Then Verify \"4 дня\" is here as text", "status": "skipped", "start": 1614991135487, "stop": 1614991135487}, {"name": "And Verify \"8 941 ₽/8&nbsp;941 ₽\" is here as text", "status": "skipped", "start": 1614991135487, "stop": 1614991135487}], "start": 1614991122418, "stop": 1614991135487, "uuid": "9f358b20-ad7e-474b-8033-66af228c0a8d", "historyId": "09a8bef007f595f9159cc0a49f08fbc7", "fullName": "features/tests/005_quick_order.feature:# Fill the form of \"Quick order\"", "labels": [{"name": "severity", "value": "normal"}, {"name": "feature", "value": "# Fill the form of \"Quick order\""}, {"name": "framework", "value": "behave"}, {"name": "language", "value": "cpython3"}]}