{"name": "# Enter the main page, click on Ekaterinburg/Yes and verify \"https://ekaterinburg.gtdel.com/\" is here", "status": "broken", "statusDetails": {"message": "selenium.common.exceptions.TimeoutException: Message: \n\n", "trace": "  File \"c:\\users\\rapid\\appdata\\local\\programs\\python\\python39\\lib\\site-packages\\behave\\model.py\", line 1329, in run\n    match.run(runner.context)\n  File \"c:\\users\\rapid\\appdata\\local\\programs\\python\\python39\\lib\\site-packages\\behave\\matchers.py\", line 98, in run\n    self.func(context, *args, **kwargs)\n  File \"features\\steps\\002_ekat_is _here.py\", line 11, in clck_ekat_is_hr\n    context.app.main_page.clck_ekat_is_hr()\n  File \"C:\\Everything\\IT\\Testing\\Automation_08_09_2019\\Kit_rodionov\\pages\\main_page.py\", line 37, in clck_ekat_is_hr\n    wait.until(EC.element_to_be_clickable(EKAT_YES)).click()\n  File \"c:\\users\\rapid\\appdata\\local\\programs\\python\\python39\\lib\\site-packages\\selenium\\webdriver\\support\\wait.py\", line 80, in until\n    raise TimeoutException(message, screen, stacktrace)\n"}, "steps": [{"name": "Given Loginpage", "status": "passed", "start": 1608261482412, "stop": 1608261488514}, {"name": "Then Click on Ekaterinburg/Yes", "status": "broken", "statusDetails": {"message": "selenium.common.exceptions.TimeoutException: Message: \n\n", "trace": "  File \"c:\\users\\rapid\\appdata\\local\\programs\\python\\python39\\lib\\site-packages\\behave\\model.py\", line 1329, in run\n    match.run(runner.context)\n  File \"c:\\users\\rapid\\appdata\\local\\programs\\python\\python39\\lib\\site-packages\\behave\\matchers.py\", line 98, in run\n    self.func(context, *args, **kwargs)\n  File \"features\\steps\\002_ekat_is _here.py\", line 11, in clck_ekat_is_hr\n    context.app.main_page.clck_ekat_is_hr()\n  File \"C:\\Everything\\IT\\Testing\\Automation_08_09_2019\\Kit_rodionov\\pages\\main_page.py\", line 37, in clck_ekat_is_hr\n    wait.until(EC.element_to_be_clickable(EKAT_YES)).click()\n  File \"c:\\users\\rapid\\appdata\\local\\programs\\python\\python39\\lib\\site-packages\\selenium\\webdriver\\support\\wait.py\", line 80, in until\n    raise TimeoutException(message, screen, stacktrace)\n"}, "start": 1608261488514, "stop": 1608261498747}, {"name": "And Verify \"https://ekaterinburg.gtdel.com/\" is here", "status": "skipped", "start": 1608261501289, "stop": 1608261501289}], "start": 1608261477117, "stop": 1608261501289, "uuid": "6435cb95-5496-4300-b20b-a13bdd6d8a42", "historyId": "a917ad10291ff977d0ad404a1f69faa1", "fullName": "features/tests/002_ekat_is _here.feature:# Enter the main page, click on Ekaterinburg/Yes and verify \"https://ekaterinburg.gtdel.com/\" is here", "labels": [{"name": "severity", "value": "normal"}, {"name": "feature", "value": "# Enter the main page, click on Ekaterinburg/Yes and verify \"https://ekaterinburg.gtdel.com/\" is here"}, {"name": "framework", "value": "behave"}, {"name": "language", "value": "cpython3"}]}